<?xml version="1.0" encoding="UTF-8"?>
<testsuite name="org.example.GeometricShapeTest" tests="3" skipped="0" failures="0" errors="0" timestamp="2024-03-22T08:51:32" hostname="PUTRI" time="0.022">
  <properties/>
  <testcase name="this_will_return_perimeter_of_rectangle()" classname="org.example.GeometricShapeTest" time="0.015"/>
  <testcase name="this_will_return_area_of_rectangle()" classname="org.example.GeometricShapeTest" time="0.001"/>
  <testcase name="this_will_return_perimeter_of_triangle()" classname="org.example.GeometricShapeTest" time="0.002"/>
  <system-out><![CDATA[]]></system-out>
  <system-err><![CDATA[]]></system-err>
</testsuite>
